This is LuaHBTeX, Version 1.22.0 (TeX Live 2026/dev/Arch Linux)  (format=lualatex 2025.8.18)  18 AUG 2025 12:59
 restricted system commands enabled.
**main.tex
(./main.tex
LaTeX2e <2024-11-01> patch level 2
L3 programming layer <2025-01-18>
Lua module: luaotfload 2024-12-03 v3.29 Lua based OpenType font support
Lua module: lualibs 2023-07-13 v2.76 ConTeXt Lua standard libraries.
Lua module: lualibs-extended 2023-07-13 v2.76 ConTeXt Lua libraries -- extended 
collection.
luaotfload | conf : Root cache directory is "/home/gois/.texlive/texmf-var/luate
x-cache/generic/names".
luaotfload | init : Loading fontloader "fontloader-2023-12-28.lua" from kpse-res
olved path "/usr/share/texmf-dist/tex/luatex/luaotfload/fontloader-2023-12-28.lu
a".
Lua-only attribute luaotfload@noligature = 1
luaotfload | init : Context OpenType loader version 3.134
Inserting `luaotfload.node_processor' in `pre_linebreak_filter'.
Inserting `luaotfload.node_processor' in `hpack_filter'.
Inserting `luaotfload.glyph_stream' in `glyph_stream_provider'.
Inserting `luaotfload.define_font' in `define_font'.
Lua-only attribute luaotfload_color_attribute = 2
luaotfload | conf : Root cache directory is "/home/gois/.texlive/texmf-var/luate
x-cache/generic/names".
Inserting `luaotfload.harf.strip_prefix' in `find_opentype_file'.
Inserting `luaotfload.harf.strip_prefix' in `find_truetype_file'.
Removing  `luaotfload.glyph_stream' from `glyph_stream_provider'.
Inserting `luaotfload.harf.glyphstream' in `glyph_stream_provider'.
Inserting `luaotfload.harf.finalize_vlist' in `post_linebreak_filter'.
Inserting `luaotfload.harf.finalize_hlist' in `hpack_filter'.
Inserting `luaotfload.cleanup_files' in `wrapup_run'.
Inserting `luaotfload.harf.finalize_unicode' in `finish_pdffile'.
Inserting `luaotfload.glyphinfo' in `glyph_info'.
Lua-only attribute luaotfload.letterspace_done = 3
Inserting `luaotfload.aux.set_sscale_dimens' in `luaotfload.patch_font'.
Inserting `luaotfload.aux.set_font_index' in `luaotfload.patch_font'.
Inserting `luaotfload.aux.patch_cambria_domh' in `luaotfload.patch_font'.
Inserting `luaotfload.aux.fixup_fontdata' in `luaotfload.patch_font_unsafe'.
Inserting `luaotfload.aux.set_capheight' in `luaotfload.patch_font'.
Inserting `luaotfload.aux.set_xheight' in `luaotfload.patch_font'.
Inserting `luaotfload.rewrite_fontname' in `luaotfload.patch_font'.
Inserting `tracingstacklevels' in `input_level_string'. (/usr/share/texmf-dist/
tex/latex/base/report.cls
Document Class: report 2024/06/29 v1.4n Standard LaTeX document class
(/usr/share/texmf-dist/tex/latex/base/size12.clo
File: size12.clo 2024/06/29 v1.4n Standard LaTeX file (size option)
luaotfload | db : Font names database loaded from /home/gois/.texlive/texmf-var/
luatex-cache/generic/names/luaotfload-names.luc.gz)
\c@part=\count194
\c@chapter=\count195
\c@section=\count196
\c@subsection=\count197
\c@subsubsection=\count198
\c@paragraph=\count199
\c@subparagraph=\count266
\c@figure=\count267
\c@table=\count268
\abovecaptionskip=\skip49
\belowcaptionskip=\skip50
\bibindent=\dimen140
)
(/usr/share/texmf-dist/tex/latex/fontspec/fontspec.sty
(/usr/share/texmf-dist/tex/latex/l3packages/xparse/xparse.sty
(/usr/share/texmf-dist/tex/latex/l3kernel/expl3.sty
Package: expl3 2025-01-18 L3 programming layer (loader) 

(/usr/share/texmf-dist/tex/latex/l3backend/l3backend-luatex.def
File: l3backend-luatex.def 2024-05-08 L3 backend support: PDF output (LuaTeX)
\l__color_backend_stack_int=\count269
Inserting `l3color' in `luaotfload.parse_color'.
\l__pdf_internal_box=\box52
))
Package: xparse 2024-08-16 L3 Experimental document command parser
)
Package: fontspec 2024/05/11 v2.9e Font selection for XeLaTeX and LuaLaTeX
Lua module: fontspec 2024/05/11 v2.9e Font selection for XeLaTeX and LuaLaTeX
(/usr/share/texmf-dist/tex/latex/fontspec/fontspec-luatex.sty
Package: fontspec-luatex 2024/05/11 v2.9e Font selection for XeLaTeX and LuaLaT
eX
\l__fontspec_script_int=\count270
\l__fontspec_language_int=\count271
\l__fontspec_strnum_int=\count272
\l__fontspec_tmp_int=\count273
\l__fontspec_tmpa_int=\count274
\l__fontspec_tmpb_int=\count275
\l__fontspec_tmpc_int=\count276
\l__fontspec_em_int=\count277
\l__fontspec_emdef_int=\count278
\l__fontspec_strong_int=\count279
\l__fontspec_strongdef_int=\count280
\l__fontspec_tmpa_dim=\dimen141
\l__fontspec_tmpb_dim=\dimen142
\l__fontspec_tmpc_dim=\dimen143

(/usr/share/texmf-dist/tex/latex/base/fontenc.sty
Package: fontenc 2021/04/29 v2.0v Standard LaTeX package
)
(/usr/share/texmf-dist/tex/latex/fontspec/fontspec.cfg)))
(/usr/share/texmf-dist/tex/generic/babel/babel.sty
Package: babel 2025/02/14 v25.4 The multilingual framework for pdfLaTeX, LuaLaT
eX and XeLaTeX

(/usr/share/texmf-dist/tex/generic/babel/luababel.def
\bbl@readstream=\read2
\l@dumylang=\language2
Package babel Info: Non-standard hyphenation setup on input line 118.
\l@nohyphenation=\language3
\babelcatcodetablenum=\catcodetable14
\bbl@pattcodes=\catcodetable15
)
\babel@savecnt=\count281
\U@D=\dimen144
\l@unhyphenated=\language4

(/usr/share/texmf-dist/tex/generic/babel/luababel.def
\bbl@attr@locale=\attribute4
)
(/usr/share/texmf-dist/tex/generic/babel/errbabel.def)

! Package babel Error: Unknown option 'brazil'. Either you misspelled it
(babel)                or the language definition file brazil.ldf
(babel)                was not found.

See the babel package documentation for explanation.
Type  H <return>  for immediate help.
 ...                                              
                                                  
l.4138 \ProcessOptions*
                       
Valid options are, among others: shorthands=, KeepShorthandsActive,
activeacute, activegrave, noconfigs, safe=, main=, math=
headfoot=, strings=, config=, hyphenmap=, or a language name.

Package babel Info: You haven't specified a language as a class or package
(babel)             option. I'll load 'nil'. Reported on input line 4188.
(/usr/share/texmf-dist/tex/generic/babel/nil.ldf
Language: nil 2025/02/14 v25.4 Nil language
\l@nil=\language5
))
(/usr/share/texmf-dist/tex/latex/graphics/graphicx.sty
Package: graphicx 2021/09/16 v1.2d Enhanced LaTeX Graphics (DPC,SPQR)

(/usr/share/texmf-dist/tex/latex/graphics/keyval.sty
Package: keyval 2022/05/29 v1.15 key=value parser (DPC)
\KV@toks@=\toks17
)
(/usr/share/texmf-dist/tex/latex/graphics/graphics.sty
Package: graphics 2024/08/06 v1.4g Standard LaTeX Graphics (DPC,SPQR)

(/usr/share/texmf-dist/tex/latex/graphics/trig.sty
Package: trig 2023/12/02 v1.11 sin cos tan (DPC)
)
(/usr/share/texmf-dist/tex/latex/graphics-cfg/graphics.cfg
File: graphics.cfg 2016/06/04 v1.11 sample graphics configuration
)
Package graphics Info: Driver file: luatex.def on input line 106.

(/usr/share/texmf-dist/tex/latex/graphics-def/luatex.def
File: luatex.def 2024/04/13 v1.2e Graphics/color driver for luatex
))
\Gin@req@height=\dimen145
\Gin@req@width=\dimen146
)
(/usr/share/texmf-dist/tex/latex/hyperref/hyperref.sty
Package: hyperref 2024-11-05 v7.01l Hypertext links for LaTeX

(/usr/share/texmf-dist/tex/generic/iftex/iftex.sty
Package: iftex 2024/12/12 v1.0g TeX engine tests
)
(/usr/share/texmf-dist/tex/latex/kvsetkeys/kvsetkeys.sty
Package: kvsetkeys 2022-10-05 v1.19 Key value parser (HO)
)
(/usr/share/texmf-dist/tex/generic/kvdefinekeys/kvdefinekeys.sty
Package: kvdefinekeys 2019-12-19 v1.6 Define keys (HO)
)
(/usr/share/texmf-dist/tex/generic/pdfescape/pdfescape.sty
Package: pdfescape 2019/12/09 v1.15 Implements pdfTeX's escape features (HO)

(/usr/share/texmf-dist/tex/generic/ltxcmds/ltxcmds.sty
Package: ltxcmds 2023-12-04 v1.26 LaTeX kernel commands for general use (HO)
)
(/usr/share/texmf-dist/tex/generic/pdftexcmds/pdftexcmds.sty
Package: pdftexcmds 2020-06-27 v0.33 Utility functions of pdfTeX for LuaTeX (HO
)

(/usr/share/texmf-dist/tex/generic/infwarerr/infwarerr.sty
Package: infwarerr 2019/12/03 v1.5 Providing info/warning/error messages (HO)
)
Package pdftexcmds Info: \pdf@primitive is available.
Package pdftexcmds Info: \pdf@ifprimitive is available.
Package pdftexcmds Info: \pdfdraftmode found.
\pdftexcmds@toks=\toks18
))
(/usr/share/texmf-dist/tex/latex/hycolor/hycolor.sty
Package: hycolor 2020-01-27 v1.10 Color options for hyperref/bookmark (HO)
)
(/usr/share/texmf-dist/tex/latex/hyperref/nameref.sty
Package: nameref 2023-11-26 v2.56 Cross-referencing by name of section

(/usr/share/texmf-dist/tex/latex/refcount/refcount.sty
Package: refcount 2019/12/15 v3.6 Data extraction from label references (HO)
)
(/usr/share/texmf-dist/tex/generic/gettitlestring/gettitlestring.sty
Package: gettitlestring 2019/12/15 v1.6 Cleanup title references (HO)

(/usr/share/texmf-dist/tex/latex/kvoptions/kvoptions.sty
Package: kvoptions 2022-06-15 v3.15 Key value format for package options (HO)
))
\c@section@level=\count282
)
(/usr/share/texmf-dist/tex/latex/etoolbox/etoolbox.sty
Package: etoolbox 2025/02/11 v2.5l e-TeX tools for LaTeX (JAW)
\etb@tempcnta=\count283
)
(/usr/share/texmf-dist/tex/generic/stringenc/stringenc.sty
Package: stringenc 2019/11/29 v1.12 Convert strings between diff. encodings (HO
)
)
\@linkdim=\dimen147
\Hy@linkcounter=\count284
\Hy@pagecounter=\count285

(/usr/share/texmf-dist/tex/latex/hyperref/pd1enc.def
File: pd1enc.def 2024-11-05 v7.01l Hyperref: PDFDocEncoding definition (HO)
)
(/usr/share/texmf-dist/tex/generic/intcalc/intcalc.sty
Package: intcalc 2019/12/15 v1.3 Expandable calculations with integers (HO)
)
\Hy@SavedSpaceFactor=\count286

(/usr/share/texmf-dist/tex/latex/hyperref/puenc.def
File: puenc.def 2024-11-05 v7.01l Hyperref: PDF Unicode definition (HO)
)
Package hyperref Info: Hyper figures OFF on input line 4157.
Package hyperref Info: Link nesting OFF on input line 4162.
Package hyperref Info: Hyper index ON on input line 4165.
Package hyperref Info: Plain pages OFF on input line 4172.
Package hyperref Info: Backreferencing OFF on input line 4177.
Package hyperref Info: Implicit mode ON; LaTeX internals redefined.
Package hyperref Info: Bookmarks ON on input line 4424.
\c@Hy@tempcnt=\count287

(/usr/share/texmf-dist/tex/latex/url/url.sty
\Urlmuskip=\muskip17
Package: url 2013/09/16  ver 3.4  Verb mode for urls, etc.
)
LaTeX Info: Redefining \url on input line 4763.
\XeTeXLinkMargin=\dimen148

(/usr/share/texmf-dist/tex/generic/bitset/bitset.sty
Package: bitset 2019/12/09 v1.3 Handle bit-vector datatype (HO)

(/usr/share/texmf-dist/tex/generic/bigintcalc/bigintcalc.sty
Package: bigintcalc 2019/12/15 v1.5 Expandable calculations on big integers (HO
)
))
\Fld@menulength=\count288
\Field@Width=\dimen149
\Fld@charsize=\dimen150
Package hyperref Info: Hyper figures OFF on input line 6042.
Package hyperref Info: Link nesting OFF on input line 6047.
Package hyperref Info: Hyper index ON on input line 6050.
Package hyperref Info: backreferencing OFF on input line 6057.
Package hyperref Info: Link coloring OFF on input line 6062.
Package hyperref Info: Link coloring with OCG OFF on input line 6067.
Package hyperref Info: PDF/A mode OFF on input line 6072.

(/usr/share/texmf-dist/tex/latex/base/atbegshi-ltx.sty
Package: atbegshi-ltx 2021/01/10 v1.0c Emulation of the original atbegshi
package with kernel methods
)
\Hy@abspage=\count289
\c@Item=\count290
\c@Hfootnote=\count291
)
Package hyperref Info: Driver (autodetected): hluatex.

(/usr/share/texmf-dist/tex/latex/hyperref/hluatex.def
File: hluatex.def 2024-11-05 v7.01l Hyperref driver for luaTeX

(/usr/share/texmf-dist/tex/latex/base/atveryend-ltx.sty
Package: atveryend-ltx 2020/08/19 v1.0a Emulation of the original atveryend pac
kage
with kernel methods
)
\Fld@listcount=\count292
\c@bookmark@seq@number=\count293

(/usr/share/texmf-dist/tex/latex/rerunfilecheck/rerunfilecheck.sty
Package: rerunfilecheck 2022-07-10 v1.10 Rerun checks for auxiliary files (HO)

(/usr/share/texmf-dist/tex/generic/uniquecounter/uniquecounter.sty
Package: uniquecounter 2019/12/15 v1.4 Provide unlimited unique counter (HO)
)
Package uniquecounter Info: New unique counter `rerunfilecheck' on input line 2
85.
)
\Hy@SectionHShift=\skip51
)
(/usr/share/texmf-dist/tex/latex/amsmath/amsmath.sty
Package: amsmath 2024/11/05 v2.17t AMS math features
\@mathmargin=\skip52

For additional information on amsmath, use the `?' option.
(/usr/share/texmf-dist/tex/latex/amsmath/amstext.sty
Package: amstext 2021/08/26 v2.01 AMS text

(/usr/share/texmf-dist/tex/latex/amsmath/amsgen.sty
File: amsgen.sty 1999/11/30 v2.0 generic functions
\@emptytoks=\toks19
\ex@=\dimen151
))
(/usr/share/texmf-dist/tex/latex/amsmath/amsbsy.sty
Package: amsbsy 1999/11/29 v1.2d Bold Symbols
\pmbraise@=\dimen152
)
(/usr/share/texmf-dist/tex/latex/amsmath/amsopn.sty
Package: amsopn 2022/04/08 v2.04 operator names
)
\inf@bad=\count294
LaTeX Info: Redefining \frac on input line 235.
\uproot@=\count295
\leftroot@=\count296
LaTeX Info: Redefining \overline on input line 398.
LaTeX Info: Redefining \colon on input line 409.
\classnum@=\count297
\DOTSCASE@=\count298
LaTeX Info: Redefining \ldots on input line 495.
LaTeX Info: Redefining \dots on input line 498.
LaTeX Info: Redefining \cdots on input line 619.
\Mathstrutbox@=\box53
\strutbox@=\box54
LaTeX Info: Redefining \big on input line 721.
LaTeX Info: Redefining \Big on input line 722.
LaTeX Info: Redefining \bigg on input line 723.
LaTeX Info: Redefining \Bigg on input line 724.
\big@size=\dimen153
LaTeX Font Info:    Redeclaring font encoding OML on input line 742.
LaTeX Font Info:    Redeclaring font encoding OMS on input line 743.
\macc@depth=\count299
LaTeX Info: Redefining \bmod on input line 904.
LaTeX Info: Redefining \pmod on input line 909.
LaTeX Info: Redefining \smash on input line 939.
LaTeX Info: Redefining \relbar on input line 969.
LaTeX Info: Redefining \Relbar on input line 970.
\c@MaxMatrixCols=\count300
\dotsspace@=\muskip18
\c@parentequation=\count301
\dspbrk@lvl=\count302
\tag@help=\toks20
\row@=\count303
\column@=\count304
\maxfields@=\count305
\andhelp@=\toks21
\eqnshift@=\dimen154
\alignsep@=\dimen155
\tagshift@=\dimen156
\tagwidth@=\dimen157
\totwidth@=\dimen158
\lineht@=\dimen159
\@envbody=\toks22
\multlinegap=\skip53
\multlinetaggap=\skip54
\mathdisplay@stack=\toks23
LaTeX Info: Redefining \[ on input line 2953.
LaTeX Info: Redefining \] on input line 2954.
)
(/usr/share/texmf-dist/tex/latex/amsfonts/amssymb.sty
Package: amssymb 2013/01/14 v3.01 AMS font symbols

(/usr/share/texmf-dist/tex/latex/amsfonts/amsfonts.sty
Package: amsfonts 2013/01/14 v3.01 Basic AMSFonts support
\symAMSa=\mathgroup4
\symAMSb=\mathgroup5
LaTeX Font Info:    Redeclaring math symbol \hbar on input line 98.
LaTeX Font Info:    Overwriting math alphabet `\mathfrak' in version `bold'
(Font)                  U/euf/m/n --> U/euf/b/n on input line 106.
))
(/usr/share/texmf-dist/tex/latex/listings/listings.sty
\lst@mode=\count306
\lst@gtempboxa=\box55
\lst@token=\toks24
\lst@length=\count307
\lst@currlwidth=\dimen160
\lst@column=\count308
\lst@pos=\count309
\lst@lostspace=\dimen161
\lst@width=\dimen162
\lst@newlines=\count310
\lst@lineno=\count311
\lst@maxwidth=\dimen163

(/usr/share/texmf-dist/tex/latex/listings/lstpatch.sty
File: lstpatch.sty 2024/09/23 1.10c (Carsten Heinz)
)
(/usr/share/texmf-dist/tex/latex/listings/lstmisc.sty
File: lstmisc.sty 2024/09/23 1.10c (Carsten Heinz)
\c@lstnumber=\count312
\lst@skipnumbers=\count313
\lst@framebox=\box56
)
(/usr/share/texmf-dist/tex/latex/listings/listings.cfg
File: listings.cfg 2024/09/23 1.10c listings configuration
))
Package: listings 2024/09/23 1.10c (Carsten Heinz)

(/usr/share/texmf-dist/tex/latex/xcolor/xcolor.sty
Package: xcolor 2024/09/29 v3.02 LaTeX color extensions (UK)

(/usr/share/texmf-dist/tex/latex/graphics-cfg/color.cfg
File: color.cfg 2016/01/02 v1.6 sample color configuration
)
Package xcolor Info: Driver file: luatex.def on input line 274.

(/usr/share/texmf-dist/tex/latex/graphics/mathcolor.ltx)
Package xcolor Info: Model `cmy' substituted by `cmy0' on input line 1349.
Package xcolor Info: Model `hsb' substituted by `rgb' on input line 1353.
Package xcolor Info: Model `RGB' extended on input line 1365.
Package xcolor Info: Model `HTML' substituted by `rgb' on input line 1367.
Package xcolor Info: Model `Hsb' substituted by `hsb' on input line 1368.
Package xcolor Info: Model `tHsb' substituted by `hsb' on input line 1369.
Package xcolor Info: Model `HSB' substituted by `hsb' on input line 1370.
Package xcolor Info: Model `Gray' substituted by `gray' on input line 1371.
Package xcolor Info: Model `wave' substituted by `hsb' on input line 1372.
)
(/usr/share/texmf-dist/tex/latex/geometry/geometry.sty
Package: geometry 2020/01/02 v5.9 Page Geometry

(/usr/share/texmf-dist/tex/generic/iftex/ifvtex.sty
Package: ifvtex 2019/10/25 v1.7 ifvtex legacy package. Use iftex instead.
)
\Gm@cnth=\count314
\Gm@cntv=\count315
\c@Gm@tempcnt=\count316
\Gm@bindingoffset=\dimen164
\Gm@wd@mp=\dimen165
\Gm@odd@mp=\dimen166
\Gm@even@mp=\dimen167
\Gm@layoutwidth=\dimen168
\Gm@layoutheight=\dimen169
\Gm@layouthoffset=\dimen170
\Gm@layoutvoffset=\dimen171
\Gm@dimlist=\toks25
)
(/usr/share/texmf-dist/tex/latex/tools/indentfirst.sty
Package: indentfirst 2023/07/02 v1.03 Indent first paragraph (DPC)
)
(/usr/share/texmf-dist/tex/latex/setspace/setspace.sty
Package: setspace 2022/12/04 v6.7b set line spacing
)
(/usr/share/texmf-dist/tex/latex/cleveref/cleveref.sty
Package: cleveref 2018/03/27 v0.21.4 Intelligent cross-referencing
Package cleveref Info: `hyperref' support loaded on input line 2370.
LaTeX Info: Redefining \cref on input line 2370.
LaTeX Info: Redefining \Cref on input line 2370.
LaTeX Info: Redefining \crefrange on input line 2370.
LaTeX Info: Redefining \Crefrange on input line 2370.
LaTeX Info: Redefining \cpageref on input line 2370.
LaTeX Info: Redefining \Cpageref on input line 2370.
LaTeX Info: Redefining \cpagerefrange on input line 2370.
LaTeX Info: Redefining \Cpagerefrange on input line 2370.
LaTeX Info: Redefining \labelcref on input line 2370.
LaTeX Info: Redefining \labelcpageref on input line 2370.
Package cleveref Info: `listings' support loaded on input line 3131.
)
(/usr/share/texmf-dist/tex/latex/caption/caption.sty
Package: caption 2023/08/05 v3.6o Customizing captions (AR)

(/usr/share/texmf-dist/tex/latex/caption/caption3.sty
Package: caption3 2023/07/31 v2.4d caption3 kernel (AR)
\caption@tempdima=\dimen172
\captionmargin=\dimen173
\caption@leftmargin=\dimen174
\caption@rightmargin=\dimen175
\caption@width=\dimen176
\caption@indent=\dimen177
\caption@parindent=\dimen178
\caption@hangindent=\dimen179
Package caption Info: Standard document class detected.
)
\c@caption@flags=\count317
\c@continuedfloat=\count318
Package caption Info: hyperref package is loaded.
Package caption Info: listings package is loaded.
)
(/usr/share/texmf-dist/tex/latex/float/float.sty
Package: float 2001/11/08 v1.3d Float enhancements (AL)
\c@float@type=\count319
\float@exts=\toks26
\float@box=\box57
\@float@everytoks=\toks27
\@floatcapt=\box58
)
Package hyperref Info: Option `colorlinks' set `true' on input line 33.
 (./main.aux
(./a_capa/a01_capa.aux) (./a_capa/a02_resumo.aux) (./a_capa/a03_abstract.aux)
(./a_capa/a04_toc.aux) (./b_introducao/b01_computador.aux)
(./b_introducao/b02_memoria.aux) (./b_introducao/b02_sistemas_operacionais.aux) (./b_introducao/b03_unix.aux) (./c_elf/c01_tis.aux) (./c_elf/c02_cabecalho.aux) (./c_elf/c03_segmento.aux) (./c_elf/c04_sessao.aux)
(./d_codigo/d01_humanos.aux) (./d_codigo/d02_x86-64.aux)
(./d_codigo/d03_syscall.aux) (./d_codigo/d04_arquitetura.aux)
(./d_codigo/d05_xelf.aux) (./e_comparativo/e01_elfutils.aux)
(./f_futuro/f01_antivirus.aux) (./f_futuro/f02_patching.aux)
(./g_conclusao/g01_conclusao.aux) (./i_referencias/i01_referencias.aux))
\openout1 = main.aux

LaTeX Font Info:    Checking defaults for OML/cmm/m/it on input line 76.
LaTeX Font Info:    ... okay on input line 76.
LaTeX Font Info:    Checking defaults for OMS/cmsy/m/n on input line 76.
LaTeX Font Info:    ... okay on input line 76.
LaTeX Font Info:    Checking defaults for OT1/cmr/m/n on input line 76.
LaTeX Font Info:    ... okay on input line 76.
LaTeX Font Info:    Checking defaults for T1/cmr/m/n on input line 76.
LaTeX Font Info:    ... okay on input line 76.
LaTeX Font Info:    Checking defaults for TS1/cmr/m/n on input line 76.
LaTeX Font Info:    ... okay on input line 76.
LaTeX Font Info:    Checking defaults for TU/lmr/m/n on input line 76.
LaTeX Font Info:    ... okay on input line 76.
LaTeX Font Info:    Checking defaults for OMX/cmex/m/n on input line 76.
LaTeX Font Info:    ... okay on input line 76.
LaTeX Font Info:    Checking defaults for U/cmr/m/n on input line 76.
LaTeX Font Info:    ... okay on input line 76.
LaTeX Font Info:    Checking defaults for PD1/pdf/m/n on input line 76.
LaTeX Font Info:    ... okay on input line 76.
LaTeX Font Info:    Checking defaults for PU/pdf/m/n on input line 76.
LaTeX Font Info:    ... okay on input line 76.

Package fontspec Info: 
(fontspec)             Adjusting the maths setup (use [no-math] to avoid
(fontspec)             this).

\symlegacymaths=\mathgroup6
LaTeX Font Info:    Overwriting symbol font `legacymaths' in version `bold'
(Font)                  OT1/cmr/m/n --> OT1/cmr/bx/n on input line 76.
LaTeX Font Info:    Redeclaring math accent \acute on input line 76.
LaTeX Font Info:    Redeclaring math accent \grave on input line 76.
LaTeX Font Info:    Redeclaring math accent \ddot on input line 76.
LaTeX Font Info:    Redeclaring math accent \tilde on input line 76.
LaTeX Font Info:    Redeclaring math accent \bar on input line 76.
LaTeX Font Info:    Redeclaring math accent \breve on input line 76.
LaTeX Font Info:    Redeclaring math accent \check on input line 76.
LaTeX Font Info:    Redeclaring math accent \hat on input line 76.
LaTeX Font Info:    Redeclaring math accent \dot on input line 76.
LaTeX Font Info:    Redeclaring math accent \mathring on input line 76.
LaTeX Font Info:    Redeclaring math symbol \Gamma on input line 76.
LaTeX Font Info:    Redeclaring math symbol \Delta on input line 76.
LaTeX Font Info:    Redeclaring math symbol \Theta on input line 76.
LaTeX Font Info:    Redeclaring math symbol \Lambda on input line 76.
LaTeX Font Info:    Redeclaring math symbol \Xi on input line 76.
LaTeX Font Info:    Redeclaring math symbol \Pi on input line 76.
LaTeX Font Info:    Redeclaring math symbol \Sigma on input line 76.
LaTeX Font Info:    Redeclaring math symbol \Upsilon on input line 76.
LaTeX Font Info:    Redeclaring math symbol \Phi on input line 76.
LaTeX Font Info:    Redeclaring math symbol \Psi on input line 76.
LaTeX Font Info:    Redeclaring math symbol \Omega on input line 76.
LaTeX Font Info:    Redeclaring math symbol \mathdollar on input line 76.
LaTeX Font Info:    Redeclaring symbol font `operators' on input line 76.
LaTeX Font Info:    Encoding `OT1' has changed to `TU' for symbol font
(Font)              `operators' in the math version `normal' on input line 76.
LaTeX Font Info:    Overwriting symbol font `operators' in version `normal'
(Font)                  OT1/cmr/m/n --> TU/lmr/m/n on input line 76.
LaTeX Font Info:    Encoding `OT1' has changed to `TU' for symbol font
(Font)              `operators' in the math version `bold' on input line 76.
LaTeX Font Info:    Overwriting symbol font `operators' in version `bold'
(Font)                  OT1/cmr/bx/n --> TU/lmr/m/n on input line 76.
LaTeX Font Info:    Overwriting symbol font `operators' in version `normal'
(Font)                  TU/lmr/m/n --> TU/lmr/m/n on input line 76.
LaTeX Font Info:    Overwriting math alphabet `\mathit' in version `normal'
(Font)                  OT1/cmr/m/it --> TU/lmr/m/it on input line 76.
LaTeX Font Info:    Overwriting math alphabet `\mathbf' in version `normal'
(Font)                  OT1/cmr/bx/n --> TU/lmr/b/n on input line 76.
LaTeX Font Info:    Overwriting math alphabet `\mathsf' in version `normal'
(Font)                  OT1/cmss/m/n --> TU/lmss/m/n on input line 76.
LaTeX Font Info:    Overwriting math alphabet `\mathtt' in version `normal'
(Font)                  OT1/cmtt/m/n --> TU/lmtt/m/n on input line 76.
LaTeX Font Info:    Overwriting symbol font `operators' in version `bold'
(Font)                  TU/lmr/m/n --> TU/lmr/b/n on input line 76.
LaTeX Font Info:    Overwriting math alphabet `\mathit' in version `bold'
(Font)                  OT1/cmr/bx/it --> TU/lmr/b/it on input line 76.
LaTeX Font Info:    Overwriting math alphabet `\mathsf' in version `bold'
(Font)                  OT1/cmss/bx/n --> TU/lmss/b/n on input line 76.
LaTeX Font Info:    Overwriting math alphabet `\mathtt' in version `bold'
(Font)                  OT1/cmtt/m/n --> TU/lmtt/b/n on input line 76.

(/usr/share/texmf-dist/tex/context/base/mkii/supp-pdf.mkii
[Loading MPS to PDF converter (version 2006.09.02).]
\scratchcounter=\count320
\scratchdimen=\dimen180
\scratchbox=\box59
\nofMPsegments=\count321
\nofMParguments=\count322
\everyMPshowfont=\toks28
\MPscratchCnt=\count323
\MPscratchDim=\dimen181
\MPnumerator=\count324
\makeMPintoPDFobject=\count325
\everyMPtoPDFconversion=\toks29
) (/usr/share/texmf-dist/tex/latex/epstopdf-pkg/epstopdf-base.sty
Package: epstopdf-base 2020-01-24 v2.11 Base part for package epstopdf
Package epstopdf-base Info: Redefining graphics rule for `.eps' on input line 4
85.

(/usr/share/texmf-dist/tex/latex/latexconfig/epstopdf-sys.cfg
File: epstopdf-sys.cfg 2010/07/13 v1.3 Configuration of (r)epstopdf for TeX Liv
e
))
Package hyperref Info: Link coloring ON on input line 76.
 (./main.out)
(./main.out)
\@outlinefile=\write3

\openout3 = main.out
\c@lstlisting=\count326

*geometry* driver: auto-detecting
*geometry* detected driver: luatex
*geometry* verbose mode - [ preamble ] result:
* driver: luatex
* paper: a4paper
* layout: <same size as paper>
* layoutoffset:(h,v)=(0.0pt,0.0pt)
* modes: 
* h-part:(L,W,R)=(71.13188pt, 455.24411pt, 71.13188pt)
* v-part:(T,H,B)=(71.13188pt, 702.78308pt, 71.13188pt)
* \paperwidth=597.50787pt
* \paperheight=845.04684pt
* \textwidth=455.24411pt
* \textheight=702.78308pt
* \oddsidemargin=-1.1381pt
* \evensidemargin=-1.1381pt
* \topmargin=-38.1381pt
* \headheight=12.0pt
* \headsep=25.0pt
* \topskip=12.0pt
* \footskip=30.0pt
* \marginparwidth=35.0pt
* \marginparsep=10.0pt
* \columnsep=10.0pt
* \skip\footins=10.8pt plus 4.0pt minus 2.0pt
* \hoffset=0.0pt
* \voffset=0.0pt
* \mag=1000
* \@twocolumnfalse
* \@twosidefalse
* \@mparswitchfalse
* \@reversemarginfalse
* (1in=72.27pt=25.4mm, 1cm=28.453pt)

Package caption Info: Begin \AtBeginDocument code.
Package caption Info: float package is loaded.
Package caption Info: End \AtBeginDocument code.

\openout2 = a_capa/a01_capa.aux
(./a_capa/a01_capa.tex

[1


{/var/lib/texmf/fonts/map/pdftex/updmap/pdftex.map}])
\openout2 = a_capa/a02_resumo.aux

(./a_capa/a02_resumo.tex
Overfull \hbox (15.27483pt too wide) in paragraph at lines 3--4
[]\TU/lmr/m/n/12 Este trabalho apresenta um estudo detalhado sobre o formato de arquivo ELF (Executable
 []


Overfull \hbox (4.58177pt too wide) in paragraph at lines 3--4
\TU/lmr/m/n/12 formato padrão para executáveis, bibliotecas compartilhadas, ar
quivos objeto e core dumps.
 []

)
Overfull \hbox (33.74663pt too wide) in paragraph at lines 10--82
\TU/lmr/bx/n/12 Palavras-chave: \TU/lmr/m/n/12 ELF, sistemas operacionais, forma
to de arquivo, análise binária, compiladores,
 []



[2





]
\openout2 = a_capa/a03_abstract.aux
 (./a_capa/a03_abstract.tex
Overfull \hbox (5.57481pt too wide) in paragraph at lines 3--4
[]\TU/lmr/m/n/12 Este trabalho apresenta um estudo detalhado do formato ELF (Exe
cutable and Linkable
 []


Overfull \hbox (17.92017pt too wide) in paragraph at lines 3--4
\TU/lmr/m/n/12 abrange desde conceitos fundamentais de arquitetura de computador
es e sistemas operacionais
 []

)

[3




]
\openout2 = a_capa/a04_toc.aux
 (./a_capa/a04_toc.tex (./main.toc
LaTeX Font Info:    Trying to load font information for U+msa on input line 3.

(/usr/share/texmf-dist/tex/latex/amsfonts/umsa.fd
File: umsa.fd 2013/01/14 v3.01 AMS symbols A
)
LaTeX Font Info:    Trying to load font information for U+msb on input line 3.

(/usr/share/texmf-dist/tex/latex/amsfonts/umsb.fd
File: umsb.fd 2013/01/14 v3.01 AMS symbols B
)

[4




])
\tf@toc=\write4

\openout4 = main.toc


[5] (./main.lof)
\tf@lof=\write5

\openout5 = main.lof


[6

] (./main.lot)
\tf@lot=\write6

\openout6 = main.lot


[7

])
Chapter 1.


[8




]
\openout2 = b_introducao/b01_computador.aux
 (./b_introducao/b01_computador.tex
Overfull \hbox (73.10918pt too wide) in paragraph at lines 1--1
[]\TU/lmr/bx/n/17.28 Conceitos Fundamentais de Arquitetura de Computadores 
 []


Overfull \hbox (41.97751pt too wide) in paragraph at lines 3--4
[]\TU/lmr/m/n/12 A compreensão do formato ELF (Executable and Linkable Format) depende fundamentalmente
 []


Overfull \hbox (4.76414pt too wide) in paragraph at lines 3--4
\TU/lmr/m/n/12 do entendimento da arquitetura de computadores e de como os progr
amas são representados
 []


Overfull \hbox (4.40016pt too wide) in paragraph at lines 27--28
[]\TU/lmr/m/n/12 Na essência de qualquer computador digital está a representa
ção binária de informações.
 []



[9

]

LaTeX Warning: Reference `sec:x86_64' on page 10 undefined on input line 64.



[10]
Overfull \hbox (14.7921pt too wide) in paragraph at lines 83--84
[]\TU/lmr/bx/n/12 Registradores de Uso Geral\TU/lmr/m/n/12 : armazenam dados tem
porários durante processamento 
 []

)
Overfull \hbox (9.91354pt too wide) in paragraph at lines 89--90
\TU/lmr/m/n/12 operacional. Esta relação será explorada em maior detalhe no 
Capítulo [][]3[][] quando discutirmos
 []



[11]
\openout2 = b_introducao/b02_memoria.aux
 (./b_introducao/b02_memoria.tex
Overfull \hbox (13.42499pt too wide) in paragraph at lines 3--4
[]\TU/lmr/m/n/12 Em um sistema computacional, a memória é um componente críti
co que afeta diretamente
 []


Overfull \hbox (2.22148pt too wide) in paragraph at lines 3--4
\TU/lmr/m/n/12 o desempenho e as capacidades do sistema. Compreender seus difere
ntes tipos e hierarquias
 []


Overfull \hbox (3.02174pt too wide) in paragraph at lines 10--11
[]\TU/lmr/bx/n/12 Registradores\TU/lmr/m/n/12 : Extremamente rápidos, localizad
os no processador, com capacidade
 []



[12



]
Overfull \hbox (2.55219pt too wide) in paragraph at lines 49--50
[]\TU/lmr/m/n/12 Páginas não utilizadas podem ser temporariamente transferidas
 para armazenamento
 []



[13]
Overfull \hbox (3.63054pt too wide) in paragraph at lines 78--79
[]\TU/lmr/bx/n/12 Segmento BSS (Block Started by Symbol)\TU/lmr/m/n/12 : Cont
ém variáveis globais e estáticas
 []



[14])
Overfull \hbox (8.2889pt too wide) in paragraph at lines 112--91
[]\TU/lmr/m/n/12 Arquiteturas diferentes usam convenções diferentes (Intel x86
 usa little-endian, enquanto
 []



[15]
\openout2 = b_introducao/b02_sistemas_operacionais.aux
 (./b_introducao/b02_sistemas_operacionais.tex)
\openout2 = b_introducao/b03_unix.aux

(./b_introducao/b03_unix.tex)
Chapter 2.


[16









]
\openout2 = c_elf/c01_tis.aux
 (./c_elf/c01_tis.tex
Overfull \hbox (5.65779pt too wide) in paragraph at lines 3--4
\TU/lmr/m/n/12 permitindo que ferramentas como compiladores, linkers, carregador
es e depuradores possam
 []


Overfull \hbox (4.9258pt too wide) in paragraph at lines 18--19
[]\TU/lmr/m/n/12 Padronizar a interface entre compiladores, assemblers, linkers e sistemas operacionais. 
 []



[17

]
Overfull \hbox (27.29169pt too wide) in paragraph at lines 39--40
[]\TU/lmr/m/n/12 Embora o ELF seja um padrão, diferentes sistemas operacionais e arquiteturas implementam
 []


Overfull \hbox (8.69644pt too wide) in paragraph at lines 58--59
\TU/lmr/m/n/12 Linkable Format (ELF) Specification”, define a estrutura fundam
ental do formato, enquanto
 []


Overfull \hbox (13.72816pt too wide) in paragraph at lines 58--59
\TU/lmr/m/n/12 documentos adicionais cobrem extensões e adaptações específic
as para diferentes arquiteturas
 []



[18])

[19]
\openout2 = c_elf/c02_cabecalho.aux
 (./c_elf/c02_cabecalho.tex

LaTeX Warning: Reference `sec:tis_standard' on page 20 undefined on input line 
7.

(/usr/share/texmf-dist/tex/latex/listings/lstlang1.sty
File: lstlang1.sty 2024/09/23 1.10c listings language file
)
(/usr/share/texmf-dist/tex/latex/listings/lstmisc.sty
File: lstmisc.sty 2024/09/23 1.10c (Carsten Heinz)
)
Package hyperref Info: bookmark level for unknown lstlisting defaults to 0 on i
nput line 9.

Overfull \hbox (6.96489pt too wide) in paragraph at lines 30--31
[]\TU/lmr/m/n/12 Os primeiros bytes do cabeçalho ELF, o array \TU/lmtt/m/n/12 
e_ident\TU/lmr/m/n/12 , são particularmente importantes
 []


Overfull \hbox (2.79759pt too wide) in paragraph at lines 51--52
[]\TU/lmr/m/n/12 O ”Magic Number” no início do arquivo (0x7F, ’E’, 
’L’, ’F’) é especialmente importante,
 []



[20



]
Overfull \hbox (12.16422pt too wide) in paragraph at lines 65--66
[]\TU/lmr/m/n/12 Esta classificação afeta diretamente como o arquivo será tra
tado pelo sistema operacional,
 []



[21]
Overfull \hbox (1.24153pt too wide) in paragraph at lines 90--91
[]\TU/lmr/m/n/12 Os campos \TU/lmtt/m/n/12 e_entry\TU/lmr/m/n/12 , \TU/lmtt/m/n
/12 e_phoff\TU/lmr/m/n/12 , e \TU/lmtt/m/n/12 e_shoff \TU/lmr/m/n/12 são essenc
iais para o carregamento e execução
 []



[22] (/usr/share/texmf-dist/tex/latex/listings/lstlang1.sty
File: lstlang1.sty 2024/09/23 1.10c listings language file
)
(/usr/share/texmf-dist/tex/latex/listings/lstlang1.sty
File: lstlang1.sty 2024/09/23 1.10c listings language file
)

[23]
Overfull \hbox (2.81215pt too wide) in paragraph at lines 152--153
[]\TU/lmr/m/n/12 Ajustes nos valores de contagem podem levar a estouro de buffer
 ou outros problemas. 
 []


LaTeX Warning: Reference `sec:antivirus' on page 24 undefined on input line 155
.

)
Overfull \hbox (25.94017pt too wide) in paragraph at lines 167--98
[]\TU/lmr/m/n/12 Esta estrutura hierárquica permite navegação eficiente pelo arquivo e facilita o carregamento
 []



[24]
\openout2 = c_elf/c03_segmento.aux
 (./c_elf/c03_segmento.tex
Overfull \hbox (18.87296pt too wide) in paragraph at lines 3--4
[]\TU/lmr/m/n/12 Os segmentos ELF, definidos na Program Header Table, são essen
ciais para o carregamento
 []


Overfull \hbox (5.54758pt too wide) in paragraph at lines 7--8
[]\TU/lmr/m/n/12 Os segmentos representam uma visão do arquivo ELF orientada 
à execução, descrevendo
 []



[25



]

[26]
Overfull \hbox (108.78006pt too wide) in paragraph at lines 100--110
 [][] 
 []


Overfull \hbox (15.8415pt too wide) in paragraph at lines 114--115
[]\TU/lmr/m/n/12 O segmento \TU/lmtt/m/n/12 PT_INTERP \TU/lmr/m/n/12 é especial
mente importante para programas com ligação dinâmica,
 []



[27]
Overfull \hbox (7.58229pt too wide) in paragraph at lines 120--121
[]\TU/lmr/m/n/12 O segmento \TU/lmtt/m/n/12 PT_DYNAMIC \TU/lmr/m/n/12 contém in
formações cruciais para a ligação dinâmica, incluindo: 
 []



[28]
Overfull \hbox (2.89165pt too wide) in paragraph at lines 189--190
[]\TU/lmr/m/n/12 Embora a estrutura básica dos segmentos ELF seja padronizada, diferentes arquiteturas
 []



[29]
Overfull \hbox (8.39207pt too wide) in paragraph at lines 194--195
[]\TU/lmr/m/n/12 Sistemas embarcados podem usar o campo \TU/lmtt/m/n/12 p_paddr \TU/lmr/m/n/12 (endere
ço físico) que normalmente
 []


LaTeX Warning: Reference `sec:architecture' on page 30 undefined on input line 
197.

)

[30]
\openout2 = c_elf/c04_sessao.aux
 (./c_elf/c04_sessao.tex
Overfull \hbox (14.76942pt too wide) in paragraph at lines 3--4
\TU/lmr/m/n/12 uma visão detalhada do conteúdo do arquivo para ferramentas de desenvolvimento. Enquanto
 []


Overfull \hbox (10.08414pt too wide) in paragraph at lines 16--17
[]\TU/lmr/m/n/12 As seções são particularmente importantes durante o desenvol
vimento e para ferramentas
 []



[31



]
Overfull \hbox (100.16415pt too wide) in paragraph at lines 86--104
 [][] 
 []



[32]

[33]
Overfull \hbox (13.45767pt too wide) in paragraph at lines 122--123
[]\TU/lmr/m/n/12 Por exemplo, as seções \TU/lmtt/m/n/12 .text\TU/lmr/m/n/12 , \TU/lmtt/m/n/12 .rodata \TU/lmr/m/n/12 e outras se
ções somente leitura seriam tipicamente
 []



[34])
Overfull \hbox (24.76158pt too wide) in paragraph at lines 183--100
[]\TU/lmr/m/n/12 A flexibilidade do formato ELF permite estas extensões sem com
prometer a compatibilidade
 []



[35]
Chapter 3.


[36



]
\openout2 = d_codigo/d01_humanos.aux
 (./d_codigo/d01_humanos.tex)
\openout2 = d_codigo/d02_x86-64.aux
 (./d_codigo/d02_x86-64.tex)
\openout2 = d_codigo/d03_syscall.aux

(./d_codigo/d03_syscall.tex)
\openout2 = d_codigo/d04_arquitetura.aux
 (./d_codigo/d04_arquitetura.tex)
\openout2 = d_codigo/d05_xelf.aux

(./d_codigo/d05_xelf.tex)
Chapter 4.


[37
















]
\openout2 = e_comparativo/e01_elfutils.aux
 (./e_comparativo/e01_elfutils.tex)
Chapter 5.


[38




]
\openout2 = f_futuro/f01_antivirus.aux
 (./f_futuro/f01_antivirus.tex)
\openout2 = f_futuro/f02_patching.aux
 (./f_futuro/f02_patching.tex)
Chapter 6.


[39







]
\openout2 = g_conclusao/g01_conclusao.aux
 (./g_conclusao/g01_conclusao.tex)
Chapter 7.


[40




]
\openout2 = i_referencias/i01_referencias.aux
 (./i_referencias/i01_referencias.tex) (./main.aux (./a_capa/a01_capa.aux)
(./a_capa/a02_resumo.aux) (./a_capa/a03_abstract.aux) (./a_capa/a04_toc.aux)
(./b_introducao/b01_computador.aux) (./b_introducao/b02_memoria.aux)
(./b_introducao/b02_sistemas_operacionais.aux) (./b_introducao/b03_unix.aux)
(./c_elf/c01_tis.aux) (./c_elf/c02_cabecalho.aux) (./c_elf/c03_segmento.aux)
(./c_elf/c04_sessao.aux) (./d_codigo/d01_humanos.aux)
(./d_codigo/d02_x86-64.aux) (./d_codigo/d03_syscall.aux)
(./d_codigo/d04_arquitetura.aux) (./d_codigo/d05_xelf.aux)
(./e_comparativo/e01_elfutils.aux) (./f_futuro/f01_antivirus.aux)
(./f_futuro/f02_patching.aux) (./g_conclusao/g01_conclusao.aux)
(./i_referencias/i01_referencias.aux))
 ***********
LaTeX2e <2024-11-01> patch level 2
L3 programming layer <2025-01-18>
 ***********


LaTeX Warning: There were undefined references.

Package rerunfilecheck Info: File `main.out' has not changed.
(rerunfilecheck)             Checksum: 24FDD34BA471E1DF50A9B9B2CF775D63;12318.
)

Here is how much of LuaTeX's memory you used:
 20464 strings out of 475506
 477061,1144653 words of node,token memory allocated
 532 words of node memory still in use:
   6 hlist, 2 vlist, 2 rule, 2 glue, 4 kern, 1 glyph, 15 attribute, 55 glue_spec
, 9 attribute_list, 4 write nodes
   avail lists: 1:4,2:9696,3:333,4:9622,5:7693,6:96,7:15718,8:1,9:22929,10:49,11
:1218
 42465 multiletter control sequences out of 65536+600000
 45 fonts using 3409039 bytes
 79i,8n,89p,536b,907s stack positions out of 10000i,1000n,20000p,200000b,200000s
</usr/share/texmf-dist/fonts/opentype/public/lm/lmmono10-regular.otf></usr/share
/texmf-dist/fonts/opentype/public/lm/lmroman6-regular.otf></usr/share/texmf-dist
/fonts/opentype/public/lm/lmmono12-regular.otf></usr/share/texmf-dist/fonts/open
type/public/lm/lmroman12-regular.otf></usr/share/texmf-dist/fonts/opentype/publi
c/lm/lmroman12-bold.otf></usr/share/texmf-dist/fonts/type1/public/amsfonts/cm/cm
sy10.pfb>
Output written on main.pdf (40 pages, 123812 bytes).

PDF statistics: 725 PDF objects out of 1000 (max. 8388607)
 660 compressed objects within 7 object streams
 226 named destinations out of 1000 (max. 131072)
 489 words of extra memory for PDF output out of 10000 (max. 100000000)

