\BOOKMARK [0][-]{chapter.1}{\376\377\000I\000n\000t\000r\000o\000d\000u\000\347\000\343\000o}{}% 1
\BOOKMARK [1][-]{section.1.1}{\376\377\000C\000o\000n\000c\000e\000i\000t\000o\000s\000\040\000F\000u\000n\000d\000a\000m\000e\000n\000t\000a\000i\000s\000\040\000d\000e\000\040\000A\000r\000q\000u\000i\000t\000e\000t\000u\000r\000a\000\040\000d\000e\000\040\000C\000o\000m\000p\000u\000t\000a\000d\000o\000r\000e\000s}{chapter.1}% 2
\BOOKMARK [2][-]{subsection.1.1.1}{\376\377\000A\000r\000q\000u\000i\000t\000e\000t\000u\000r\000a\000\040\000d\000e\000\040\000v\000o\000n\000\040\000N\000e\000u\000m\000a\000n\000n}{section.1.1}% 3
\BOOKMARK [2][-]{subsection.1.1.2}{\376\377\000R\000e\000p\000r\000e\000s\000e\000n\000t\000a\000\347\000\343\000o\000\040\000B\000i\000n\000\341\000r\000i\000a}{section.1.1}% 4
\BOOKMARK [2][-]{subsection.1.1.3}{\376\377\000C\000o\000n\000j\000u\000n\000t\000o\000\040\000d\000e\000\040\000I\000n\000s\000t\000r\000u\000\347\000\365\000e\000s\000\040\000\050\000I\000S\000A\000\051}{section.1.1}% 5
\BOOKMARK [2][-]{subsection.1.1.4}{\376\377\000C\000i\000c\000l\000o\000\040\000d\000e\000\040\000E\000x\000e\000c\000u\000\347\000\343\000o\000\040\000d\000e\000\040\000I\000n\000s\000t\000r\000u\000\347\000\365\000e\000s}{section.1.1}% 6
\BOOKMARK [2][-]{subsection.1.1.5}{\376\377\000R\000e\000g\000i\000s\000t\000r\000a\000d\000o\000r\000e\000s\000\040\000e\000\040\000M\000e\000m\000\363\000r\000i\000a}{section.1.1}% 7
\BOOKMARK [1][-]{section.1.2}{\376\377\000C\000o\000n\000c\000e\000i\000t\000o\000s\000\040\000d\000e\000\040\000M\000e\000m\000\363\000r\000i\000a\000\040\000e\000\040\000A\000r\000m\000a\000z\000e\000n\000a\000m\000e\000n\000t\000o}{chapter.1}% 8
\BOOKMARK [2][-]{subsection.1.2.1}{\376\377\000H\000i\000e\000r\000a\000r\000q\000u\000i\000a\000\040\000d\000e\000\040\000M\000e\000m\000\363\000r\000i\000a}{section.1.2}% 9
\BOOKMARK [2][-]{subsection.1.2.2}{\376\377\000M\000e\000m\000\363\000r\000i\000a\000\040\000V\000i\000r\000t\000u\000a\000l}{section.1.2}% 10
\BOOKMARK [2][-]{subsection.1.2.3}{\376\377\000S\000e\000g\000m\000e\000n\000t\000a\000\347\000\343\000o\000\040\000d\000e\000\040\000M\000e\000m\000\363\000r\000i\000a}{section.1.2}% 11
\BOOKMARK [2][-]{subsection.1.2.4}{\376\377\000A\000l\000i\000n\000h\000a\000m\000e\000n\000t\000o\000\040\000d\000e\000\040\000M\000e\000m\000\363\000r\000i\000a}{section.1.2}% 12
\BOOKMARK [2][-]{subsection.1.2.5}{\376\377\000E\000n\000d\000i\000a\000n\000e\000s\000s}{section.1.2}% 13
\BOOKMARK [0][-]{chapter.2}{\376\377\000F\000o\000r\000m\000a\000t\000o\000\040\000E\000L\000F}{}% 14
\BOOKMARK [1][-]{section.2.1}{\376\377\000P\000a\000d\000r\000\343\000o\000\040\000T\000I\000S\000\040\000\050\000T\000o\000o\000l\000\040\000I\000n\000t\000e\000r\000f\000a\000c\000e\000\040\000S\000t\000a\000n\000d\000a\000r\000d\000\051\000\040\000p\000a\000r\000a\000\040\000E\000L\000F}{chapter.2}% 15
\BOOKMARK [2][-]{subsection.2.1.1}{\376\377\000H\000i\000s\000t\000\363\000r\000i\000c\000o\000\040\000e\000\040\000D\000e\000s\000e\000n\000v\000o\000l\000v\000i\000m\000e\000n\000t\000o}{section.2.1}% 16
\BOOKMARK [2][-]{subsection.2.1.2}{\376\377\000O\000b\000j\000e\000t\000i\000v\000o\000s\000\040\000d\000o\000\040\000P\000a\000d\000r\000\343\000o\000\040\000T\000I\000S}{section.2.1}% 17
\BOOKMARK [2][-]{subsection.2.1.3}{\376\377\000A\000l\000c\000a\000n\000c\000e\000\040\000d\000a\000\040\000E\000s\000p\000e\000c\000i\000f\000i\000c\000a\000\347\000\343\000o}{section.2.1}% 18
\BOOKMARK [2][-]{subsection.2.1.4}{\376\377\000I\000m\000p\000l\000e\000m\000e\000n\000t\000a\000\347\000\343\000o\000\040\000e\000m\000\040\000D\000i\000f\000e\000r\000e\000n\000t\000e\000s\000\040\000S\000i\000s\000t\000e\000m\000a\000s}{section.2.1}% 19
\BOOKMARK [2][-]{subsection.2.1.5}{\376\377\000D\000o\000c\000u\000m\000e\000n\000t\000a\000\347\000\343\000o\000\040\000T\000I\000S}{section.2.1}% 20
\BOOKMARK [2][-]{subsection.2.1.6}{\376\377\000E\000v\000o\000l\000u\000\347\000\343\000o\000\040\000e\000\040\000V\000e\000r\000s\000\365\000e\000s}{section.2.1}% 21
\BOOKMARK [1][-]{section.2.2}{\376\377\000C\000a\000b\000e\000\347\000a\000l\000h\000o\000\040\000E\000L\000F\000\040\000\050\000E\000L\000F\000\040\000H\000e\000a\000d\000e\000r\000\051}{chapter.2}% 22
\BOOKMARK [2][-]{subsection.2.2.1}{\376\377\000E\000s\000t\000r\000u\000t\000u\000r\000a\000\040\000d\000o\000\040\000C\000a\000b\000e\000\347\000a\000l\000h\000o\000\040\000E\000L\000F}{section.2.2}% 23
\BOOKMARK [2][-]{subsection.2.2.2}{\376\377\000C\000a\000m\000p\000o\000\040\000d\000e\000\040\000I\000d\000e\000n\000t\000i\000f\000i\000c\000a\000\347\000\343\000o\000\040\000\050\000e\000\137\000i\000d\000e\000n\000t\000\051}{section.2.2}% 24
\BOOKMARK [2][-]{subsection.2.2.3}{\376\377\000T\000i\000p\000o\000\040\000d\000e\000\040\000A\000r\000q\000u\000i\000v\000o\000\040\000\050\000e\000\137\000t\000y\000p\000e\000\051}{section.2.2}% 25
\BOOKMARK [2][-]{subsection.2.2.4}{\376\377\000A\000r\000q\000u\000i\000t\000e\000t\000u\000r\000a\000\040\000A\000l\000v\000o\000\040\000\050\000e\000\137\000m\000a\000c\000h\000i\000n\000e\000\051}{section.2.2}% 26
\BOOKMARK [2][-]{subsection.2.2.5}{\376\377\000P\000o\000n\000t\000o\000s\000\040\000d\000e\000\040\000E\000n\000t\000r\000a\000d\000a\000\040\000e\000\040\000T\000a\000b\000e\000l\000a\000s\000\040\000\050\000e\000\137\000e\000n\000t\000r\000y\000,\000\040\000e\000\137\000p\000h\000o\000f\000f\000,\000\040\000e\000\137\000s\000h\000o\000f\000f\000\051}{section.2.2}% 27
\BOOKMARK [2][-]{subsection.2.2.6}{\376\377\000C\000o\000n\000t\000a\000g\000e\000n\000s\000\040\000e\000\040\000T\000a\000m\000a\000n\000h\000o\000s\000\040\000\050\000e\000\137\000p\000h\000n\000u\000m\000,\000\040\000e\000\137\000s\000h\000n\000u\000m\000,\000\040\000e\000t\000c\000.\000\051}{section.2.2}% 28
\BOOKMARK [2][-]{subsection.2.2.7}{\376\377\000I\000m\000p\000l\000e\000m\000e\000n\000t\000a\000\347\000\343\000o\000\040\000P\000r\000\341\000t\000i\000c\000a\000:\000\040\000A\000n\000\341\000l\000i\000s\000e\000\040\000d\000e\000\040\000u\000m\000\040\000C\000a\000b\000e\000\347\000a\000l\000h\000o\000\040\000E\000L\000F}{section.2.2}% 29
\BOOKMARK [2][-]{subsection.2.2.8}{\376\377\000C\000o\000n\000s\000i\000d\000e\000r\000a\000\347\000\365\000e\000s\000\040\000d\000e\000\040\000S\000e\000g\000u\000r\000a\000n\000\347\000a}{section.2.2}% 30
\BOOKMARK [2][-]{subsection.2.2.9}{\376\377\000R\000e\000l\000a\000\347\000\343\000o\000\040\000c\000o\000m\000\040\000O\000u\000t\000r\000a\000s\000\040\000P\000a\000r\000t\000e\000s\000\040\000d\000o\000\040\000E\000L\000F}{section.2.2}% 31
\BOOKMARK [1][-]{section.2.3}{\376\377\000S\000e\000g\000m\000e\000n\000t\000o\000s\000\040\000E\000L\000F\000\040\000\050\000P\000r\000o\000g\000r\000a\000m\000\040\000H\000e\000a\000d\000e\000r\000s\000\051}{chapter.2}% 32
\BOOKMARK [2][-]{subsection.2.3.1}{\376\377\000F\000u\000n\000\347\000\343\000o\000\040\000d\000o\000s\000\040\000S\000e\000g\000m\000e\000n\000t\000o\000s}{section.2.3}% 33
\BOOKMARK [2][-]{subsection.2.3.2}{\376\377\000E\000s\000t\000r\000u\000t\000u\000r\000a\000\040\000d\000o\000\040\000P\000r\000o\000g\000r\000a\000m\000\040\000H\000e\000a\000d\000e\000r}{section.2.3}% 34
\BOOKMARK [2][-]{subsection.2.3.3}{\376\377\000T\000i\000p\000o\000s\000\040\000d\000e\000\040\000S\000e\000g\000m\000e\000n\000t\000o\000s\000\040\000\050\000p\000\137\000t\000y\000p\000e\000\051}{section.2.3}% 35
\BOOKMARK [2][-]{subsection.2.3.4}{\376\377\000F\000l\000a\000g\000s\000\040\000d\000e\000\040\000S\000e\000g\000m\000e\000n\000t\000o\000\040\000\050\000p\000\137\000f\000l\000a\000g\000s\000\051}{section.2.3}% 36
\BOOKMARK [2][-]{subsection.2.3.5}{\376\377\000M\000a\000p\000e\000a\000m\000e\000n\000t\000o\000\040\000d\000e\000\040\000A\000r\000q\000u\000i\000v\000o\000\040\000p\000a\000r\000a\000\040\000M\000e\000m\000\363\000r\000i\000a}{section.2.3}% 37
\BOOKMARK [2][-]{subsection.2.3.6}{\376\377\000S\000e\000g\000m\000e\000n\000t\000o\000s\000\040\000P\000T\000\137\000L\000O\000A\000D}{section.2.3}% 38
\BOOKMARK [2][-]{subsection.2.3.7}{\376\377\000S\000e\000g\000m\000e\000n\000t\000o\000\040\000P\000T\000\137\000I\000N\000T\000E\000R\000P}{section.2.3}% 39
\BOOKMARK [2][-]{subsection.2.3.8}{\376\377\000S\000e\000g\000m\000e\000n\000t\000o\000\040\000P\000T\000\137\000D\000Y\000N\000A\000M\000I\000C}{section.2.3}% 40
\BOOKMARK [2][-]{subsection.2.3.9}{\376\377\000A\000l\000i\000n\000h\000a\000m\000e\000n\000t\000o\000\040\000d\000e\000\040\000S\000e\000g\000m\000e\000n\000t\000o\000s\000\040\000\050\000p\000\137\000a\000l\000i\000g\000n\000\051}{section.2.3}% 41
\BOOKMARK [2][-]{subsection.2.3.10}{\376\377\000A\000n\000\341\000l\000i\000s\000e\000\040\000d\000e\000\040\000S\000e\000g\000m\000e\000n\000t\000o\000s\000\040\000c\000o\000m\000\040\000F\000e\000r\000r\000a\000m\000e\000n\000t\000a\000s}{section.2.3}% 42
\BOOKMARK [2][-]{subsection.2.3.11}{\376\377\000R\000e\000l\000a\000\347\000\343\000o\000\040\000e\000n\000t\000r\000e\000\040\000S\000e\000g\000m\000e\000n\000t\000o\000s\000\040\000e\000\040\000S\000e\000\347\000\365\000e\000s}{section.2.3}% 43
\BOOKMARK [2][-]{subsection.2.3.12}{\376\377\000C\000o\000n\000s\000i\000d\000e\000r\000a\000\347\000\365\000e\000s\000\040\000p\000a\000r\000a\000\040\000D\000i\000f\000e\000r\000e\000n\000t\000e\000s\000\040\000A\000r\000q\000u\000i\000t\000e\000t\000u\000r\000a\000s}{section.2.3}% 44
\BOOKMARK [1][-]{section.2.4}{\376\377\000S\000e\000\347\000\365\000e\000s\000\040\000E\000L\000F\000\040\000\050\000S\000e\000c\000t\000i\000o\000n\000\040\000H\000e\000a\000d\000e\000r\000s\000\051}{chapter.2}% 45
\BOOKMARK [2][-]{subsection.2.4.1}{\376\377\000C\000o\000n\000c\000e\000i\000t\000o\000\040\000e\000\040\000P\000r\000o\000p\000\363\000s\000i\000t\000o}{section.2.4}% 46
\BOOKMARK [2][-]{subsection.2.4.2}{\376\377\000E\000s\000t\000r\000u\000t\000u\000r\000a\000\040\000d\000o\000\040\000S\000e\000c\000t\000i\000o\000n\000\040\000H\000e\000a\000d\000e\000r}{section.2.4}% 47
\BOOKMARK [2][-]{subsection.2.4.3}{\376\377\000T\000i\000p\000o\000s\000\040\000d\000e\000\040\000S\000e\000\347\000\343\000o}{section.2.4}% 48
\BOOKMARK [2][-]{subsection.2.4.4}{\376\377\000F\000l\000a\000g\000s\000\040\000d\000e\000\040\000S\000e\000\347\000\343\000o}{section.2.4}% 49
\BOOKMARK [2][-]{subsection.2.4.5}{\376\377\000S\000e\000\347\000\365\000e\000s\000\040\000E\000s\000p\000e\000c\000i\000a\000i\000s}{section.2.4}% 50
\BOOKMARK [2][-]{subsection.2.4.6}{\376\377\000T\000a\000b\000e\000l\000a\000\040\000d\000e\000\040\000S\000t\000r\000i\000n\000g\000s\000\040\000d\000a\000\040\000S\000e\000\347\000\343\000o}{section.2.4}% 51
\BOOKMARK [2][-]{subsection.2.4.7}{\376\377\000R\000e\000l\000a\000\347\000\343\000o\000\040\000c\000o\000m\000\040\000S\000e\000g\000m\000e\000n\000t\000o\000s}{section.2.4}% 52
\BOOKMARK [2][-]{subsection.2.4.8}{\376\377\000A\000n\000\341\000l\000i\000s\000e\000\040\000d\000e\000\040\000S\000e\000\347\000\365\000e\000s\000\040\000c\000o\000m\000\040\000F\000e\000r\000r\000a\000m\000e\000n\000t\000a\000s}{section.2.4}% 53
\BOOKMARK [2][-]{subsection.2.4.9}{\376\377\000S\000e\000\347\000\365\000e\000s\000\040\000d\000e\000\040\000D\000e\000p\000u\000r\000a\000\347\000\343\000o}{section.2.4}% 54
\BOOKMARK [2][-]{subsection.2.4.10}{\376\377\000U\000s\000o\000\040\000d\000e\000\040\000S\000e\000\347\000\365\000e\000s\000\040\000e\000m\000\040\000A\000n\000\341\000l\000i\000s\000e\000\040\000B\000i\000n\000\341\000r\000i\000a}{section.2.4}% 55
\BOOKMARK [2][-]{subsection.2.4.11}{\376\377\000E\000x\000t\000e\000n\000s\000\365\000e\000s\000\040\000E\000s\000p\000e\000c\000\355\000f\000i\000c\000a\000s}{section.2.4}% 56
\BOOKMARK [0][-]{chapter.3}{\376\377\000A\000n\000\341\000l\000i\000s\000e\000\040\000d\000e\000\040\000C\000\363\000d\000i\000g\000o}{}% 57
\BOOKMARK [0][-]{chapter.4}{\376\377\000A\000n\000\341\000l\000i\000s\000e\000\040\000C\000o\000m\000p\000a\000r\000a\000t\000i\000v\000a}{}% 58
\BOOKMARK [0][-]{chapter.5}{\376\377\000A\000p\000l\000i\000c\000a\000\347\000\365\000e\000s\000\040\000F\000u\000t\000u\000r\000a\000s}{}% 59
\BOOKMARK [0][-]{chapter.6}{\376\377\000C\000o\000n\000c\000l\000u\000s\000\343\000o}{}% 60
\BOOKMARK [0][-]{chapter.7}{\376\377\000R\000e\000f\000e\000r\000\352\000n\000c\000i\000a\000s}{}% 61
